<?xml version="1.0" encoding="UTF-8"?>
<!-- Generated by org.testng.reporters.JUnitXMLReporter -->
<testsuite ignored="0" hostname="Gopi.local" failures="0" tests="5" name="HybridFrameWorkTest" time="47.534" errors="0" timestamp="2022-05-19T12:11:55 AEST">
  <testcase classname="com.qa.linkedin.testcase.SearchDataDrivenTest" name="doLoginTest" time="29.758"/>
  <testcase classname="com.qa.linkedin.testcase.SearchDataDrivenTest" name="doSearchTest" time="5.107"/>
  <testcase classname="com.qa.linkedin.testcase.SearchDataDrivenTest" name="doSearchTest" time="4.304"/>
  <testcase classname="com.qa.linkedin.testcase.SearchDataDrivenTest" name="doSearchTest" time="3.971"/>
  <testcase classname="com.qa.linkedin.testcase.SearchDataDrivenTest" name="doSearchTest" time="3.344"/>
</testsuite> <!-- HybridFrameWorkTest -->
