<?xml version="1.0" encoding="UTF-8"?>
<testsuite xmlns:xsi="http://www.w3.org/2001/XMLSchema-instance" xsi:schemaLocation="https://maven.apache.org/surefire/maven-surefire-plugin/xsd/surefire-test-report.xsd" name="TestSuite" time="72.102" tests="5" errors="0" skipped="0" failures="0">
  <properties>
[...]
</properties>
  <testcase name="doLoginTest" classname="com.qa.linkedin.testcase.SearchDataDrivenTest" time="29.769"/>
  <testcase name="doSearchTest" classname="com.qa.linkedin.testcase.SearchDataDrivenTest" time="5.108"/>
  <testcase name="doSearchTest" classname="com.qa.linkedin.testcase.SearchDataDrivenTest" time="4.305"/>
  <testcase name="doSearchTest" classname="com.qa.linkedin.testcase.SearchDataDrivenTest" time="3.969"/>
  <testcase name="doSearchTest" classname="com.qa.linkedin.testcase.SearchDataDrivenTest" time="3.347"/>
</testsuite>